gyp info it worked if it ends with ok
gyp info using node-gyp@3.6.2
gyp info using node@8.5.0 | darwin | x64
gyp info spawn /usr/bin/python
gyp info spawn args [ '/usr/local/lib/node_modules/npm/node_modules/node-gyp/gyp/gyp_main.py',
gyp info spawn args   'binding.gyp',
gyp info spawn args   '-f',
gyp info spawn args   'make',
gyp info spawn args   '-I',
gyp info spawn args   '/Users/thammawatbongkarn/severProject/node_modules/mongoose-promised/node_modules/bson/build/config.gypi',
gyp info spawn args   '-I',
gyp info spawn args   '/usr/local/lib/node_modules/npm/node_modules/node-gyp/addon.gypi',
gyp info spawn args   '-I',
gyp info spawn args   '/Users/thammawatbongkarn/.node-gyp/8.5.0/include/node/common.gypi',
gyp info spawn args   '-Dlibrary=shared_library',
gyp info spawn args   '-Dvisibility=default',
gyp info spawn args   '-Dnode_root_dir=/Users/thammawatbongkarn/.node-gyp/8.5.0',
gyp info spawn args   '-Dnode_gyp_dir=/usr/local/lib/node_modules/npm/node_modules/node-gyp',
gyp info spawn args   '-Dnode_lib_file=/Users/thammawatbongkarn/.node-gyp/8.5.0/<(target_arch)/node.lib',
gyp info spawn args   '-Dmodule_root_dir=/Users/thammawatbongkarn/severProject/node_modules/mongoose-promised/node_modules/bson',
gyp info spawn args   '-Dnode_engine=v8',
gyp info spawn args   '--depth=.',
gyp info spawn args   '--no-parallel',
gyp info spawn args   '--generator-output',
gyp info spawn args   'build',
gyp info spawn args   '-Goutput_dir=.' ]
gyp info spawn make
gyp info spawn args [ 'BUILDTYPE=Release', '-C', 'build' ]
In file included from ../ext/bson.cc:36:
In file included from ../ext/bson.h:17:
../../../../nan/nan.h:342:68: error: too many arguments to function call, expected at most 2, have 4
    return v8::Signature::New(v8::Isolate::GetCurrent(), receiver, argc, argv);
           ~~~~~~~~~~~~~~~~~~                                      ^~~~~~~~~~
/Users/thammawatbongkarn/.node-gyp/8.5.0/include/node/v8.h:5826:3: note: 'New' declared here
  static Local<Signature> New(
  ^
In file included from ../ext/bson.cc:36:
In file included from ../ext/bson.h:17:
../../../../nan/nan.h:397:32: warning: 'CompileUnbound' is deprecated [-Wdeprecated-declarations]
    return v8::ScriptCompiler::CompileUnbound(
                               ^
/Users/thammawatbongkarn/.node-gyp/8.5.0/include/node/v8.h:1359:10: note: 'CompileUnbound' has been explicitly marked deprecated here
  static V8_DEPRECATED("Use maybe version",
         ^
/Users/thammawatbongkarn/.node-gyp/8.5.0/include/node/v8config.h:332:29: note: expanded from macro 'V8_DEPRECATED'
  declarator __attribute__((deprecated))
                            ^
In file included from ../ext/bson.cc:36:
In file included from ../ext/bson.h:17:
../../../../nan/nan.h:406:32: warning: 'CompileUnbound' is deprecated [-Wdeprecated-declarations]
    return v8::ScriptCompiler::CompileUnbound(
                               ^
/Users/thammawatbongkarn/.node-gyp/8.5.0/include/node/v8.h:1359:10: note: 'CompileUnbound' has been explicitly marked deprecated here
  static V8_DEPRECATED("Use maybe version",
         ^
/Users/thammawatbongkarn/.node-gyp/8.5.0/include/node/v8config.h:332:29: note: expanded from macro 'V8_DEPRECATED'
  declarator __attribute__((deprecated))
                            ^
In file included from ../ext/bson.cc:36:
In file included from ../ext/bson.h:17:
../../../../nan/nan.h:412:31: warning: 'New' is deprecated [-Wdeprecated-declarations]
    return v8::BooleanObject::New(value).As<v8::BooleanObject>();
                              ^
/Users/thammawatbongkarn/.node-gyp/8.5.0/include/node/v8.h:4749:3: note: 'New' has been explicitly marked deprecated here
  V8_DEPRECATED("Pass an isolate", static Local<Value> New(bool value));
  ^
/Users/thammawatbongkarn/.node-gyp/8.5.0/include/node/v8config.h:332:29: note: expanded from macro 'V8_DEPRECATED'
  declarator __attribute__((deprecated))
                            ^
In file included from ../ext/bson.cc:36:
In file included from ../ext/bson.h:17:
../../../../nan/nan.h:424:3: error: redefinition of 'NanNew'
  NanNew<v8::StringObject, v8::Handle<v8::String> >(
  ^
../../../../nan/nan.h:417:3: note: previous definition is here
  NanNew<v8::StringObject, v8::Local<v8::String> >(
  ^
../../../../nan/nan.h:442:36: error: redefinition of 'NanNew'
  NAN_INLINE v8::Local<v8::RegExp> NanNew(
                                   ^
../../../../nan/nan.h:436:36: note: previous definition is here
  NAN_INLINE v8::Local<v8::RegExp> NanNew(
                                   ^
../../../../nan/nan.h:454:36: error: redefinition of 'NanNew'
  NAN_INLINE v8::Local<v8::RegExp> NanNew(
                                   ^
../../../../nan/nan.h:448:36: note: previous definition is here
  NAN_INLINE v8::Local<v8::RegExp> NanNew(
                                   ^
../../../../nan/nan.h:462:42: warning: 'ToUint32' is deprecated [-Wdeprecated-declarations]
        v8::Isolate::GetCurrent(), val)->ToUint32();
                                         ^
/Users/thammawatbongkarn/.node-gyp/8.5.0/include/node/v8.h:2286:10: note: 'ToUint32' has been explicitly marked deprecated here
  inline V8_DEPRECATED("Use maybe version", Local<Uint32> ToUint32() const);
         ^
/Users/thammawatbongkarn/.node-gyp/8.5.0/include/node/v8config.h:332:29: note: expanded from macro 'V8_DEPRECATED'
  declarator __attribute__((deprecated))
                            ^
In file included from ../ext/bson.cc:36:
In file included from ../ext/bson.h:17:
../../../../nan/nan.h:468:42: warning: 'ToUint32' is deprecated [-Wdeprecated-declarations]
        v8::Isolate::GetCurrent(), val)->ToUint32();
                                         ^
/Users/thammawatbongkarn/.node-gyp/8.5.0/include/node/v8.h:2286:10: note: 'ToUint32' has been explicitly marked deprecated here
  inline V8_DEPRECATED("Use maybe version", Local<Uint32> ToUint32() const);
         ^
/Users/thammawatbongkarn/.node-gyp/8.5.0/include/node/v8config.h:332:29: note: expanded from macro 'V8_DEPRECATED'
  declarator __attribute__((deprecated))
                            ^
In file included from ../ext/bson.cc:36:
In file included from ../ext/bson.h:17:
../../../../nan/nan.h:473:60: warning: 'ToInt32' is deprecated [-Wdeprecated-declarations]
    return v8::Int32::New(v8::Isolate::GetCurrent(), val)->ToInt32();
                                                           ^
/Users/thammawatbongkarn/.node-gyp/8.5.0/include/node/v8.h:2287:10: note: 'ToInt32' has been explicitly marked deprecated here
  inline V8_DEPRECATED("Use maybe version", Local<Int32> ToInt32() const);
         ^
/Users/thammawatbongkarn/.node-gyp/8.5.0/include/node/v8config.h:332:29: note: expanded from macro 'V8_DEPRECATED'
  declarator __attribute__((deprecated))
                            ^
In file included from ../ext/bson.cc:36:
In file included from ../ext/bson.h:17:
../../../../nan/nan.h:478:60: warning: 'ToInt32' is deprecated [-Wdeprecated-declarations]
    return v8::Int32::New(v8::Isolate::GetCurrent(), val)->ToInt32();
                                                           ^
/Users/thammawatbongkarn/.node-gyp/8.5.0/include/node/v8.h:2287:10: note: 'ToInt32' has been explicitly marked deprecated here
  inline V8_DEPRECATED("Use maybe version", Local<Int32> ToInt32() const);
         ^
/Users/thammawatbongkarn/.node-gyp/8.5.0/include/node/v8config.h:332:29: note: expanded from macro 'V8_DEPRECATED'
  declarator __attribute__((deprecated))
                            ^
In file included from ../ext/bson.cc:36:
In file included from ../ext/bson.h:17:
../../../../nan/nan.h:518:24: warning: 'NewFromOneByte' is deprecated [-Wdeprecated-declarations]
    return v8::String::NewFromOneByte(
                       ^
/Users/thammawatbongkarn/.node-gyp/8.5.0/include/node/v8.h:2624:10: note: 'NewFromOneByte' has been explicitly marked deprecated here
  static V8_DEPRECATED(
         ^
/Users/thammawatbongkarn/.node-gyp/8.5.0/include/node/v8config.h:332:29: note: expanded from macro 'V8_DEPRECATED'
  declarator __attribute__((deprecated))
                            ^
In file included from ../ext/bson.cc:36:
In file included from ../ext/bson.h:17:
../../../../nan/nan.h:529:24: warning: 'NewFromOneByte' is deprecated [-Wdeprecated-declarations]
    return v8::String::NewFromOneByte(
                       ^
/Users/thammawatbongkarn/.node-gyp/8.5.0/include/node/v8.h:2624:10: note: 'NewFromOneByte' has been explicitly marked deprecated here
  static V8_DEPRECATED(
         ^
/Users/thammawatbongkarn/.node-gyp/8.5.0/include/node/v8config.h:332:29: note: expanded from macro 'V8_DEPRECATED'
  declarator __attribute__((deprecated))
                            ^
In file included from ../ext/bson.cc:36:
In file included from ../ext/bson.h:17:
../../../../nan/nan.h:538:24: warning: 'NewFromOneByte' is deprecated [-Wdeprecated-declarations]
    return v8::String::NewFromOneByte(v8::Isolate::GetCurrent(), arg);
                       ^
/Users/thammawatbongkarn/.node-gyp/8.5.0/include/node/v8.h:2624:10: note: 'NewFromOneByte' has been explicitly marked deprecated here
  static V8_DEPRECATED(
         ^
/Users/thammawatbongkarn/.node-gyp/8.5.0/include/node/v8config.h:332:29: note: expanded from macro 'V8_DEPRECATED'
  declarator __attribute__((deprecated))
                            ^
In file included from ../ext/bson.cc:36:
In file included from ../ext/bson.h:17:
../../../../nan/nan.h:544:24: warning: 'NewFromOneByte' is deprecated [-Wdeprecated-declarations]
    return v8::String::NewFromOneByte(v8::Isolate::GetCurrent(), arg);
                       ^
/Users/thammawatbongkarn/.node-gyp/8.5.0/include/node/v8.h:2624:10: note: 'NewFromOneByte' has been explicitly marked deprecated here
  static V8_DEPRECATED(
         ^
/Users/thammawatbongkarn/.node-gyp/8.5.0/include/node/v8config.h:332:29: note: expanded from macro 'V8_DEPRECATED'
  declarator __attribute__((deprecated))
                            ^
In file included from ../ext/bson.cc:36:
In file included from ../ext/bson.h:17:
../../../../nan/nan.h:619:24: warning: 'NewExternal' is deprecated [-Wdeprecated-declarations]
    return v8::String::NewExternal(v8::Isolate::GetCurrent(), resource);
                       ^
/Users/thammawatbongkarn/.node-gyp/8.5.0/include/node/v8.h:2663:10: note: 'NewExternal' has been explicitly marked deprecated here
  static V8_DEPRECATED("Use maybe version",
         ^
/Users/thammawatbongkarn/.node-gyp/8.5.0/include/node/v8config.h:332:29: note: expanded from macro 'V8_DEPRECATED'
  declarator __attribute__((deprecated))
                            ^
In file included from ../ext/bson.cc:36:
In file included from ../ext/bson.h:17:
../../../../nan/nan.h:623:19: error: no type named 'ExternalAsciiStringResource' in 'v8::String'; did you mean 'ExternalStringResource'?
      v8::String::ExternalAsciiStringResource *resource) {
      ~~~~~~~~~~~~^~~~~~~~~~~~~~~~~~~~~~~~~~~
                  ExternalStringResource
/Users/thammawatbongkarn/.node-gyp/8.5.0/include/node/v8.h:2533:19: note: 'ExternalStringResource' declared here
  class V8_EXPORT ExternalStringResource
                  ^
In file included from ../ext/bson.cc:36:
In file included from ../ext/bson.h:17:
../../../../nan/nan.h:622:36: error: redefinition of 'NanNew'
  NAN_INLINE v8::Local<v8::String> NanNew(
                                   ^
../../../../nan/nan.h:617:36: note: previous definition is here
  NAN_INLINE v8::Local<v8::String> NanNew(
                                   ^
../../../../nan/nan.h:624:24: warning: 'NewExternal' is deprecated [-Wdeprecated-declarations]
    return v8::String::NewExternal(v8::Isolate::GetCurrent(), resource);
                       ^
/Users/thammawatbongkarn/.node-gyp/8.5.0/include/node/v8.h:2663:10: note: 'NewExternal' has been explicitly marked deprecated here
  static V8_DEPRECATED("Use maybe version",
         ^
/Users/thammawatbongkarn/.node-gyp/8.5.0/include/node/v8config.h:332:29: note: expanded from macro 'V8_DEPRECATED'
  declarator __attribute__((deprecated))
                            ^
In file included from ../ext/bson.cc:36:
In file included from ../ext/bson.h:17:
../../../../nan/nan.h:637:27: error: redefinition of '_NanEscapeScopeHelper'
  NAN_INLINE v8::Local<T> _NanEscapeScopeHelper(v8::Local<T> val) {
                          ^
../../../../nan/nan.h:632:27: note: previous definition is here
  NAN_INLINE v8::Local<T> _NanEscapeScopeHelper(v8::Handle<T> val) {
                          ^
../../../../nan/nan.h:653:12: error: no matching function for call to '_NanEscapeScopeHelper'
    return NanEscapeScope(NanNew(v8::Undefined(v8::Isolate::GetCurrent())));
           ^~~~~~~~~~~~~~~~~~~~~~~~~~~~~~~~~~~~~~~~~~~~~~~~~~~~~~~~~~~~~~~~
../../../../nan/nan.h:641:43: note: expanded from macro 'NanEscapeScope'
# define NanEscapeScope(val) scope.Escape(_NanEscapeScopeHelper(val))
                                          ^~~~~~~~~~~~~~~~~~~~~
../../../../nan/nan.h:637:27: note: candidate template ignored: substitution failure [with T = v8::Primitive]
  NAN_INLINE v8::Local<T> _NanEscapeScopeHelper(v8::Local<T> val) {
                          ^
../../../../nan/nan.h:658:12: error: no matching function for call to '_NanEscapeScopeHelper'
    return NanEscapeScope(NanNew(v8::Null(v8::Isolate::GetCurrent())));
           ^~~~~~~~~~~~~~~~~~~~~~~~~~~~~~~~~~~~~~~~~~~~~~~~~~~~~~~~~~~
../../../../nan/nan.h:641:43: note: expanded from macro 'NanEscapeScope'
# define NanEscapeScope(val) scope.Escape(_NanEscapeScopeHelper(val))
                                          ^~~~~~~~~~~~~~~~~~~~~
../../../../nan/nan.h:637:27: note: candidate template ignored: substitution failure [with T = v8::Primitive]
  NAN_INLINE v8::Local<T> _NanEscapeScopeHelper(v8::Local<T> val) {
                          ^
../../../../nan/nan.h:663:12: error: no matching function for call to '_NanEscapeScopeHelper'
    return NanEscapeScope(NanNew(v8::True(v8::Isolate::GetCurrent())));
           ^~~~~~~~~~~~~~~~~~~~~~~~~~~~~~~~~~~~~~~~~~~~~~~~~~~~~~~~~~~
../../../../nan/nan.h:641:43: note: expanded from macro 'NanEscapeScope'
# define NanEscapeScope(val) scope.Escape(_NanEscapeScopeHelper(val))
                                          ^~~~~~~~~~~~~~~~~~~~~
../../../../nan/nan.h:637:27: note: candidate template ignored: substitution failure [with T = v8::Boolean]
  NAN_INLINE v8::Local<T> _NanEscapeScopeHelper(v8::Local<T> val) {
                          ^
../../../../nan/nan.h:668:12: error: no matching function for call to '_NanEscapeScopeHelper'
    return NanEscapeScope(NanNew(v8::False(v8::Isolate::GetCurrent())));
           ^~~~~~~~~~~~~~~~~~~~~~~~~~~~~~~~~~~~~~~~~~~~~~~~~~~~~~~~~~~~
../../../../nan/nan.h:641:43: note: expanded from macro 'NanEscapeScope'
# define NanEscapeScope(val) scope.Escape(_NanEscapeScopeHelper(val))
                                          ^~~~~~~~~~~~~~~~~~~~~
../../../../nan/nan.h:637:27: note: candidate template ignored: substitution failure [with T = v8::Boolean]
  NAN_INLINE v8::Local<T> _NanEscapeScopeHelper(v8::Local<T> val) {
                          ^
../../../../nan/nan.h:701:20: error: no type named 'GCEpilogueCallback' in 'v8::Isolate'
      v8::Isolate::GCEpilogueCallback callback
      ~~~~~~~~~~~~~^
../../../../nan/nan.h:707:20: error: no type named 'GCEpilogueCallback' in 'v8::Isolate'
      v8::Isolate::GCEpilogueCallback callback) {
      ~~~~~~~~~~~~~^
../../../../nan/nan.h:712:20: error: no type named 'GCPrologueCallback' in 'v8::Isolate'
      v8::Isolate::GCPrologueCallback callback
      ~~~~~~~~~~~~~^
../../../../nan/nan.h:718:20: error: no type named 'GCPrologueCallback' in 'v8::Isolate'
      v8::Isolate::GCPrologueCallback callback) {
      ~~~~~~~~~~~~~^
../../../../nan/nan.h:797:15: error: no type named 'WeakCallbackData' in namespace 'v8'
    const v8::WeakCallbackData<T, _NanWeakCallbackInfo<T, P> > &data) {
          ~~~~^
../../../../nan/nan.h:797:31: error: expected ')'
    const v8::WeakCallbackData<T, _NanWeakCallbackInfo<T, P> > &data) {
                              ^
../../../../nan/nan.h:796:41: note: to match this '('
  static void _NanWeakCallbackDispatcher(
                                        ^
../../../../nan/nan.h:798:42: error: use of undeclared identifier 'data'
      _NanWeakCallbackInfo<T, P> *info = data.GetParameter();
                                         ^
../../../../nan/nan.h:889:13: error: no member named 'smalloc' in namespace 'node'
    , node::smalloc::FreeCallback callback
      ~~~~~~^
fatal error: too many errors emitted, stopping now [-ferror-limit=]
13 warnings and 20 errors generated.
make: *** [Release/obj.target/bson/ext/bson.o] Error 1
gyp ERR! build error 
gyp ERR! stack Error: `make` failed with exit code: 2
gyp ERR! stack     at ChildProcess.onExit (/usr/local/lib/node_modules/npm/node_modules/node-gyp/lib/build.js:258:23)
gyp ERR! stack     at emitTwo (events.js:125:13)
gyp ERR! stack     at ChildProcess.emit (events.js:213:7)
gyp ERR! stack     at Process.ChildProcess._handle.onexit (internal/child_process.js:200:12)
gyp ERR! System Darwin 17.3.0
gyp ERR! command "/usr/local/bin/node" "/usr/local/lib/node_modules/npm/node_modules/node-gyp/bin/node-gyp.js" "rebuild"
gyp ERR! cwd /Users/thammawatbongkarn/severProject/node_modules/mongoose-promised/node_modules/bson
gyp ERR! node -v v8.5.0
gyp ERR! node-gyp -v v3.6.2
gyp ERR! not ok 
